<?xml version="1.0" encoding="UTF-8"?>
<!-- Generated by org.testng.reporters.JUnitXMLReporter -->
<testsuite hostname="DESKTOP-K3HQQHL" ignored="0" name="BankingApp Test" tests="2" failures="0" timestamp="13 May 2021 14:17:06 GMT" time="44.731" errors="0">
  <testcase name="loginTest" time="2.335" classname="com.inetBanking.testCase.TC_LoginTest_001"/>
  <testcase name="addNewCustomer" time="16.572" classname="com.inetBanking.testCase.TC_AddCustomerTest_003"/>
</testsuite> <!-- BankingApp Test -->
